<?xml version="1.0" encoding="UTF-8"?>
<!-- Generated by org.testng.reporters.JUnitReportReporter -->
<testsuite hostname="LAPTOP-RD94DQP5" failures="0" tests="3" name="TestNGBasicsPractice.BeforeAndAfterMethodPractice" time="0.024" errors="0" timestamp="2022-09-26T13:52:28 IST" skipped="0">
  <testcase classname="TestNGBasicsPractice.BeforeAndAfterMethodPractice" name="profilepage" time="0.010"/>
  <system-out>
    <![CDATA[check the profile page]]>
  </system-out>
  <testcase classname="TestNGBasicsPractice.BeforeAndAfterMethodPractice" name="notificationpage" time="0.010"/>
  <system-out>
    <![CDATA[check the notification page]]>
  </system-out>
  <testcase classname="TestNGBasicsPractice.BeforeAndAfterMethodPractice" name="homepage" time="0.004"/>
  <system-out>
    <![CDATA[check the home page]]>
  </system-out>
</testsuite> <!-- TestNGBasicsPractice.BeforeAndAfterMethodPractice -->
