<?xml version="1.0" encoding="UTF-8"?>
<!-- Generated by org.testng.reporters.JUnitReportReporter -->
<testsuite hostname="LAPTOP-RD94DQP5" failures="0" tests="10" name="KeywordsPractice.InvocationCountWithThreadPoolSizePractice" time="537.819" errors="0" timestamp="2022-10-07T17:15:26 IST" skipped="0">
  <testcase classname="KeywordsPractice.InvocationCountWithThreadPoolSizePractice" name="OpenBrowser" time="52.987"/>
  <system-out/>
  <testcase classname="KeywordsPractice.InvocationCountWithThreadPoolSizePractice" name="OpenBrowser" time="52.436"/>
  <system-out/>
  <testcase classname="KeywordsPractice.InvocationCountWithThreadPoolSizePractice" name="OpenBrowser" time="53.450"/>
  <system-out/>
  <testcase classname="KeywordsPractice.InvocationCountWithThreadPoolSizePractice" name="OpenBrowser" time="55.053"/>
  <system-out/>
  <testcase classname="KeywordsPractice.InvocationCountWithThreadPoolSizePractice" name="OpenBrowser" time="53.099"/>
  <system-out/>
  <testcase classname="KeywordsPractice.InvocationCountWithThreadPoolSizePractice" name="OpenBrowser" time="51.666"/>
  <system-out/>
  <testcase classname="KeywordsPractice.InvocationCountWithThreadPoolSizePractice" name="OpenBrowser" time="54.597"/>
  <system-out/>
  <testcase classname="KeywordsPractice.InvocationCountWithThreadPoolSizePractice" name="OpenBrowser" time="56.722"/>
  <system-out/>
  <testcase classname="KeywordsPractice.InvocationCountWithThreadPoolSizePractice" name="OpenBrowser" time="57.225"/>
  <system-out/>
  <testcase classname="KeywordsPractice.InvocationCountWithThreadPoolSizePractice" name="OpenBrowser" time="50.584"/>
  <system-out/>
</testsuite> <!-- KeywordsPractice.InvocationCountWithThreadPoolSizePractice -->
