<?xml version="1.0" encoding="UTF-8"?>
<!-- Generated by org.testng.reporters.JUnitReportReporter -->
<testsuite hostname="LAPTOP-RD94DQP5" failures="0" tests="3" name="KeywordsPractice.EnabledKeywordPractice" time="0.011" errors="0" timestamp="2022-10-07T16:42:36 IST" skipped="1">
  <testcase classname="KeywordsPractice.EnabledKeywordPractice" name="homepage" time="0.009"/>
  <system-out/>
  <testcase classname="KeywordsPractice.EnabledKeywordPractice" name="settingpage" time="0.002"/>
  <system-out/>
  <testcase classname="KeywordsPractice.EnabledKeywordPractice" name="profilepage">
    <skipped/>
  </testcase> <!-- profilepage -->
  <system-out/>
</testsuite> <!-- KeywordsPractice.EnabledKeywordPractice -->
