<?xml version="1.0" encoding="UTF-8"?>
<!-- Generated by org.testng.reporters.JUnitReportReporter -->
<testsuite hostname="LAPTOP-RD94DQP5" failures="0" tests="3" name="SuiteAnnotationPractice.Test2" time="0.010" errors="0" timestamp="2022-09-26T14:32:52 IST" skipped="0">
  <testcase classname="SuiteAnnotationPractice.Test2" name="m6" time="0.004"/>
  <system-out/>
  <testcase classname="SuiteAnnotationPractice.Test2" name="m5" time="0.002"/>
  <system-out/>
  <testcase classname="SuiteAnnotationPractice.Test2" name="m4" time="0.004"/>
  <system-out/>
</testsuite> <!-- SuiteAnnotationPractice.Test2 -->
