<?xml version="1.0" encoding="UTF-8"?>
<!-- Generated by org.testng.reporters.JUnitReportReporter -->
<testsuite hostname="LAPTOP-RD94DQP5" failures="0" tests="4" name="TestNGBasicsPractice.InvocationCountPractice" time="0.019" errors="0" timestamp="2022-09-26T14:42:49 IST" skipped="0">
  <testcase classname="TestNGBasicsPractice.InvocationCountPractice" name="profilepage" time="0.009"/>
  <system-out/>
  <testcase classname="TestNGBasicsPractice.InvocationCountPractice" name="homepage" time="0.002"/>
  <system-out/>
  <testcase classname="TestNGBasicsPractice.InvocationCountPractice" name="homepage" time="0.005"/>
  <system-out/>
  <testcase classname="TestNGBasicsPractice.InvocationCountPractice" name="homepage" time="0.003"/>
  <system-out/>
</testsuite> <!-- TestNGBasicsPractice.InvocationCountPractice -->
