<?xml version="1.0" encoding="UTF-8"?>
<!-- Generated by org.testng.reporters.JUnitReportReporter -->
<testsuite hostname="LAPTOP-RD94DQP5" failures="0" tests="3" name="SuiteAnnotationPractice.Test1" time="0.013" errors="0" timestamp="2022-09-26T14:32:52 IST" skipped="0">
  <testcase classname="SuiteAnnotationPractice.Test1" name="m2" time="0.002"/>
  <system-out/>
  <testcase classname="SuiteAnnotationPractice.Test1" name="m1" time="0.009"/>
  <system-out/>
  <testcase classname="SuiteAnnotationPractice.Test1" name="m3" time="0.002"/>
  <system-out/>
</testsuite> <!-- SuiteAnnotationPractice.Test1 -->
