<?xml version="1.0" encoding="UTF-8"?>
<!-- Generated by org.testng.reporters.JUnitReportReporter -->
<testsuite hostname="LAPTOP-RD94DQP5" failures="0" tests="3" name="TestAnnotationPractice.Test1" time="0.015" errors="0" timestamp="2022-09-26T14:20:05 IST" skipped="0">
  <testcase classname="TestAnnotationPractice.Test1" name="m1" time="0.010"/>
  <system-out/>
  <testcase classname="TestAnnotationPractice.Test1" name="m2" time="0.002"/>
  <system-out/>
  <testcase classname="TestAnnotationPractice.Test1" name="m3" time="0.003"/>
  <system-out/>
</testsuite> <!-- TestAnnotationPractice.Test1 -->
