<?xml version="1.0" encoding="UTF-8"?>
<!-- Generated by org.testng.reporters.JUnitReportReporter -->
<testsuite hostname="LAPTOP-RD94DQP5" failures="0" tests="3" name="TestNGBasicsPractice.ClassAnnotationPractice" time="0.013" errors="0" timestamp="2022-09-26T14:07:12 IST" skipped="0">
  <testcase classname="TestNGBasicsPractice.ClassAnnotationPractice" name="homepage" time="0.008"/>
  <system-out/>
  <testcase classname="TestNGBasicsPractice.ClassAnnotationPractice" name="notificationpage" time="0.003"/>
  <system-out/>
  <testcase classname="TestNGBasicsPractice.ClassAnnotationPractice" name="profilepage" time="0.002"/>
  <system-out/>
</testsuite> <!-- TestNGBasicsPractice.ClassAnnotationPractice -->
