<?xml version="1.0" encoding="UTF-8"?>
<!-- Generated by org.testng.reporters.JUnitReportReporter -->
<testsuite hostname="LAPTOP-RD94DQP5" failures="0" tests="5" name="KeywordsPractice.TimeoutsKeywordPractice" time="3.031" errors="0" timestamp="2022-10-07T16:57:09 IST" skipped="0">
  <testcase classname="KeywordsPractice.TimeoutsKeywordPractice" name="Homepage" time="3.020"/>
  <system-out/>
  <testcase classname="KeywordsPractice.TimeoutsKeywordPractice" name="Notificationpage" time="0.000"/>
  <system-out/>
  <testcase classname="KeywordsPractice.TimeoutsKeywordPractice" name="Notificationpage" time="0.004"/>
  <system-out/>
  <testcase classname="KeywordsPractice.TimeoutsKeywordPractice" name="Notificationpage" time="0.002"/>
  <system-out/>
  <testcase classname="KeywordsPractice.TimeoutsKeywordPractice" name="Notificationpage" time="0.005"/>
  <system-out/>
</testsuite> <!-- KeywordsPractice.TimeoutsKeywordPractice -->
