<?xml version="1.0" encoding="UTF-8"?>
<!-- Generated by org.testng.reporters.JUnitReportReporter -->
<testsuite hostname="LAPTOP-RD94DQP5" failures="0" tests="3" name="TestNGBasicsPractice.IntroductionPractice" time="0.018" errors="0" timestamp="2022-09-26T13:38:42 IST" skipped="0">
  <testcase classname="TestNGBasicsPractice.IntroductionPractice" name="OpenUrl" time="0.013"/>
  <system-out/>
  <testcase classname="TestNGBasicsPractice.IntroductionPractice" name="Login" time="0.002"/>
  <system-out/>
  <testcase classname="TestNGBasicsPractice.IntroductionPractice" name="Logout" time="0.003"/>
  <system-out/>
</testsuite> <!-- TestNGBasicsPractice.IntroductionPractice -->
